
SF:contracts/pox-5/juice-pool-swap-vault.clar
FN:63,set-no-pyth-slippage-bps
FN:71,set-window-blocks
FN:83,set-leeway-bps
FN:93,set-slippage-bps
FN:103,set-max-chunk-sats
FN:113,set-dia-band-bps
FN:123,set-router-cooldown
FN:134,fund
FN:382,sbtc-balance
FN:453,is-empty
FN:146,finish
FN:430,reclaim-core
FN:159,emergency-recover
FN:403,ask-of
FN:341,get-dia-value
FN:357,get-dia-price
FN:386,current-mid
FN:368,window-open
FN:422,check-amount
FN:193,jing-place
FN:375,window-elapsed
FN:210,jing-reclaim
FN:407,floor-of
FN:218,jing-take
FN:411,floor-out
FN:415,cooldown-tick
FN:231,router-swap
FN:260,router-swap-split
FN:330,get-no-pyth-price
FN:301,router-swap-split-dia
FN:438,get-clock
FN:465,jing-refloor
FN:474,get-config
FNDA:8,ask-of
FNDA:24,check-amount
FNDA:14,cooldown-tick
FNDA:28,current-mid
FNDA:17,emergency-recover
FNDA:10,finish
FNDA:16,floor-of
FNDA:18,floor-out
FNDA:15,fund
FNDA:17,get-clock
FNDA:4,get-config
FNDA:43,get-dia-price
FNDA:43,get-dia-value
FNDA:14,get-no-pyth-price
FNDA:22,is-empty
FNDA:6,jing-place
FNDA:2,jing-reclaim
FNDA:5,jing-refloor
FNDA:5,jing-take
FNDA:6,reclaim-core
FNDA:11,router-swap
FNDA:5,router-swap-split
FNDA:12,router-swap-split-dia
FNDA:46,sbtc-balance
FNDA:6,set-dia-band-bps
FNDA:4,set-leeway-bps
FNDA:7,set-max-chunk-sats
FNDA:6,set-no-pyth-slippage-bps
FNDA:7,set-router-cooldown
FNDA:4,set-slippage-bps
FNDA:8,set-window-blocks
FNDA:46,window-elapsed
FNDA:27,window-open
FNF:33
FNH:33
DA:63,1
DA:64,6
DA:65,6
DA:66,5
DA:67,4
DA:68,4
DA:69,4
DA:71,1
DA:72,8
DA:73,8
DA:75,7
DA:76,6
DA:77,5
DA:78,5
DA:79,5
DA:83,1
DA:84,4
DA:85,4
DA:86,3
DA:87,2
DA:88,2
DA:89,2
DA:93,1
DA:94,4
DA:95,4
DA:96,3
DA:97,2
DA:98,2
DA:99,2
DA:103,1
DA:104,7
DA:105,7
DA:106,6
DA:107,4
DA:108,4
DA:109,4
DA:113,1
DA:114,6
DA:115,6
DA:116,5
DA:117,4
DA:118,4
DA:119,4
DA:123,1
DA:124,7
DA:125,7
DA:126,6
DA:127,5
DA:128,5
DA:129,5
DA:134,1
DA:135,15
DA:136,15
DA:137,14
DA:138,13
DA:139,12
DA:140,12
DA:141,12
DA:142,12
DA:146,1
DA:147,10
DA:148,10
DA:149,9
DA:150,8
DA:151,6
DA:152,6
DA:153,6
DA:154,6
DA:155,6
DA:159,1
DA:160,17
DA:161,17
DA:162,16
DA:163,16
DA:164,16
DA:165,16
DA:166,16
DA:167,8
DA:168,5
DA:169,3
DA:171,8
DA:172,2
DA:173,6
DA:174,8
DA:175,8
DA:176,8
DA:177,7
DA:178,7
DA:179,7
DA:180,6
DA:181,1
DA:182,7
DA:183,2
DA:184,2
DA:185,2
DA:186,2
DA:187,5
DA:188,7
DA:189,6
DA:190,6
DA:191,6
DA:193,1
DA:194,6
DA:195,6
DA:197,6
DA:199,6
DA:200,5
DA:201,5
DA:202,5
DA:203,5
DA:206,5
DA:210,1
DA:211,2
DA:212,2
DA:213,1
DA:218,1
DA:219,5
DA:220,5
DA:221,4
DA:222,3
DA:223,1
DA:224,1
DA:225,1
DA:226,1
DA:227,1
DA:228,1
DA:231,1
DA:235,11
DA:236,11
DA:237,9
DA:238,9
DA:239,9
DA:241,9
DA:242,8
DA:243,7
DA:244,7
DA:245,6
DA:246,6
DA:247,6
DA:248,6
DA:251,6
DA:252,6
DA:253,6
DA:260,1
DA:268,5
DA:269,5
DA:270,5
DA:271,5
DA:272,0
DA:273,5
DA:274,5
DA:275,5
DA:277,5
DA:279,5
DA:280,4
DA:281,3
DA:282,2
DA:283,1
DA:284,1
DA:285,1
DA:286,1
DA:287,1
DA:288,1
DA:289,1
DA:292,1
DA:293,1
DA:294,1
DA:301,1
DA:303,12
DA:304,12
DA:305,11
DA:306,10
DA:307,9
DA:308,8
DA:309,6
DA:310,5
DA:311,4
DA:312,4
DA:313,4
DA:314,4
DA:315,4
DA:316,4
DA:317,4
DA:318,4
DA:319,4
DA:320,2
DA:321,2
DA:322,2
DA:323,2
DA:324,2
DA:330,1
DA:331,14
DA:332,6
DA:333,6
DA:334,5
DA:335,8
DA:336,0
DA:337,6
DA:338,6
DA:339,5
DA:341,1
DA:342,76
DA:343,76
DA:344,76
DA:345,76
DA:347,75
DA:348,75
DA:349,75
DA:351,75
DA:352,71
DA:353,66
DA:357,1
DA:358,43
DA:359,43
DA:360,33
DA:361,33
DA:363,33
DA:364,32
DA:368,1
DA:369,27
DA:370,21
DA:371,6
DA:375,1
DA:376,46
DA:377,39
DA:378,7
DA:382,1
DA:383,58
DA:386,1
DA:387,28
DA:388,28
DA:389,28
DA:391,28
DA:392,27
DA:393,26
DA:394,25
DA:395,24
DA:396,23
DA:398,1
DA:403,1
DA:404,8
DA:407,1
DA:408,16
DA:411,1
DA:412,42
DA:415,1
DA:416,14
DA:417,14
DA:418,12
DA:422,1
DA:423,24
DA:424,24
DA:425,22
DA:426,20
DA:430,1
DA:431,8
DA:432,8
DA:434,8
DA:438,1
DA:439,17
DA:441,17
DA:442,17
DA:443,11
DA:444,6
DA:446,17
DA:447,17
DA:448,17
DA:453,1
DA:454,22
DA:455,22
DA:456,22
DA:457,20
DA:458,19
DA:465,1
DA:466,5
DA:467,3
DA:468,3
DA:469,1
DA:470,1
DA:471,1
DA:472,1
DA:474,1
DA:475,4
DA:476,4
DA:477,4
DA:478,4
DA:479,4
DA:480,4
BRF:129
BRH:129
BRDA:65,0,0,6
BRDA:65,0,1,1
BRDA:66,0,0,5
BRDA:66,0,1,1
BRDA:73,0,0,8
BRDA:73,0,1,1
BRDA:75,0,0,7
BRDA:75,0,1,1
BRDA:76,0,0,6
BRDA:76,0,1,1
BRDA:85,0,0,4
BRDA:85,0,1,1
BRDA:86,0,0,3
BRDA:86,0,1,1
BRDA:95,0,0,4
BRDA:95,0,1,1
BRDA:96,0,0,3
BRDA:96,0,1,1
BRDA:105,0,0,7
BRDA:105,0,1,1
BRDA:106,0,0,6
BRDA:106,0,1,2
BRDA:106,1,0,6
BRDA:106,1,1,5
BRDA:115,0,0,6
BRDA:115,0,1,1
BRDA:116,0,0,5
BRDA:116,0,1,1
BRDA:125,0,0,7
BRDA:125,0,1,1
BRDA:126,0,0,6
BRDA:126,0,1,1
BRDA:136,0,0,15
BRDA:136,0,1,1
BRDA:137,0,0,14
BRDA:137,0,1,1
BRDA:138,0,0,13
BRDA:138,0,1,1
BRDA:148,0,0,10
BRDA:148,0,1,1
BRDA:149,0,0,9
BRDA:149,0,1,1
BRDA:150,0,0,8
BRDA:150,0,1,2
BRDA:161,0,0,17
BRDA:161,0,1,1
BRDA:166,0,0,16
BRDA:166,0,1,8
BRDA:167,0,0,8
BRDA:167,0,1,4
BRDA:168,0,0,5
BRDA:169,0,1,3
BRDA:171,0,0,8
BRDA:171,0,1,4
BRDA:172,0,0,2
BRDA:173,0,1,6
BRDA:177,0,0,7
BRDA:181,0,1,1
BRDA:183,0,0,2
BRDA:187,0,1,5
BRDA:188,0,0,7
BRDA:188,0,1,1
BRDA:199,0,0,6
BRDA:199,0,1,1
BRDA:212,0,0,2
BRDA:212,0,1,1
BRDA:220,0,0,5
BRDA:220,0,1,1
BRDA:221,0,0,4
BRDA:221,0,1,1
BRDA:241,0,0,9
BRDA:241,0,1,1
BRDA:242,0,0,8
BRDA:242,0,1,1
BRDA:279,0,0,5
BRDA:279,0,1,1
BRDA:280,0,0,4
BRDA:280,0,1,1
BRDA:281,0,0,3
BRDA:281,0,1,1
BRDA:282,0,0,2
BRDA:282,0,1,1
BRDA:304,0,0,12
BRDA:304,0,1,1
BRDA:305,0,0,11
BRDA:305,0,1,1
BRDA:306,0,0,10
BRDA:306,0,1,1
BRDA:307,0,0,9
BRDA:307,0,1,1
BRDA:332,0,0,6
BRDA:333,0,0,6
BRDA:333,0,1,1
BRDA:335,0,1,8
BRDA:338,0,0,6
BRDA:338,0,1,1
BRDA:351,0,0,75
BRDA:351,0,1,4
BRDA:352,0,0,71
BRDA:352,0,1,5
BRDA:363,0,0,33
BRDA:363,0,1,1
BRDA:370,0,0,21
BRDA:371,0,1,6
BRDA:377,0,0,39
BRDA:378,0,1,7
BRDA:391,0,0,28
BRDA:391,0,1,1
BRDA:393,0,0,26
BRDA:394,0,0,25
BRDA:394,0,1,1
BRDA:395,0,0,24
BRDA:395,0,1,1
BRDA:398,0,1,1
BRDA:417,0,0,14
BRDA:417,0,1,2
BRDA:424,0,0,24
BRDA:424,0,1,2
BRDA:425,0,0,22
BRDA:425,0,1,2
BRDA:443,0,0,11
BRDA:444,0,1,6
BRDA:456,0,0,22
BRDA:457,0,1,20
BRDA:458,0,2,19
BRDA:467,0,0,2
BRDA:467,0,1,1
BRDA:468,0,0,3
BRDA:468,0,1,2
end_of_record
