
SF:contracts/pox-5/juice-pool-swap-vault.clar
FN:58,set-no-pyth-slippage-bps
FN:71,set-window-blocks
FN:86,set-leeway-bps
FN:99,set-slippage-bps
FN:112,set-max-chunk-sats
FN:125,set-dia-band-bps
FN:138,set-router-cooldown
FN:151,fund
FN:526,sbtc-balance
FN:614,is-empty
FN:169,finish
FN:588,reclaim-core
FN:186,emergency-recover
FN:553,ask-of
FN:481,get-dia-value
FN:501,get-dia-price
FN:532,current-mid
FN:512,window-open
FN:580,check-amount
FN:253,jing-place
FN:519,window-elapsed
FN:275,jing-reclaim
FN:557,floor-of
FN:282,jing-take
FN:561,floor-out
FN:568,cooldown-tick
FN:309,router-swap
FN:343,router-swap-split
FN:452,get-no-pyth-price
FN:399,router-swap-split-dia
FN:599,get-clock
FN:639,jing-refloor
FN:659,get-config
FN:676,get-upgrade-status
FNDA:8,ask-of
FNDA:24,check-amount
FNDA:14,cooldown-tick
FNDA:28,current-mid
FNDA:17,emergency-recover
FNDA:10,finish
FNDA:16,floor-of
FNDA:18,floor-out
FNDA:15,fund
FNDA:17,get-clock
FNDA:4,get-config
FNDA:43,get-dia-price
FNDA:43,get-dia-value
FNDA:14,get-no-pyth-price
FNDA:1,get-upgrade-status
FNDA:23,is-empty
FNDA:6,jing-place
FNDA:2,jing-reclaim
FNDA:5,jing-refloor
FNDA:5,jing-take
FNDA:6,reclaim-core
FNDA:11,router-swap
FNDA:5,router-swap-split
FNDA:12,router-swap-split-dia
FNDA:47,sbtc-balance
FNDA:6,set-dia-band-bps
FNDA:4,set-leeway-bps
FNDA:7,set-max-chunk-sats
FNDA:6,set-no-pyth-slippage-bps
FNDA:7,set-router-cooldown
FNDA:4,set-slippage-bps
FNDA:8,set-window-blocks
FNDA:46,window-elapsed
FNDA:27,window-open
FNF:34
FNH:34
DA:58,1
DA:59,6
DA:60,6
DA:61,5
DA:62,4
DA:63,4
DA:64,4
DA:65,4
DA:67,4
DA:71,1
DA:72,8
DA:73,8
DA:75,7
DA:76,6
DA:77,5
DA:78,5
DA:79,5
DA:80,5
DA:82,5
DA:86,1
DA:87,4
DA:88,4
DA:89,3
DA:90,2
DA:91,2
DA:92,2
DA:93,2
DA:95,2
DA:99,1
DA:100,4
DA:101,4
DA:102,3
DA:103,2
DA:104,2
DA:105,2
DA:106,2
DA:108,2
DA:112,1
DA:113,7
DA:114,7
DA:115,6
DA:116,4
DA:117,4
DA:118,4
DA:119,4
DA:121,4
DA:125,1
DA:126,6
DA:127,6
DA:128,5
DA:129,4
DA:130,4
DA:131,4
DA:132,4
DA:134,4
DA:138,1
DA:139,7
DA:140,7
DA:141,6
DA:142,5
DA:143,5
DA:144,5
DA:145,5
DA:147,5
DA:151,1
DA:152,15
DA:153,15
DA:154,14
DA:155,13
DA:156,12
DA:157,12
DA:158,12
DA:159,12
DA:160,0
DA:161,12
DA:162,12
DA:165,12
DA:169,1
DA:170,10
DA:171,10
DA:172,9
DA:173,8
DA:174,6
DA:175,6
DA:177,6
DA:178,6
DA:179,6
DA:180,6
DA:182,6
DA:186,1
DA:187,17
DA:188,17
DA:189,16
DA:190,16
DA:191,16
DA:192,16
DA:193,16
DA:195,16
DA:196,8
DA:198,8
DA:199,5
DA:200,5
DA:201,5
DA:203,3
DA:206,8
DA:207,2
DA:208,2
DA:209,2
DA:211,6
DA:213,8
DA:214,8
DA:215,8
DA:217,8
DA:218,7
DA:219,7
DA:220,7
DA:222,6
DA:224,1
DA:226,7
DA:227,2
DA:228,2
DA:229,2
DA:231,2
DA:233,5
DA:235,7
DA:236,6
DA:237,6
DA:238,6
DA:239,0
DA:240,6
DA:241,6
DA:244,6
DA:245,6
DA:246,6
DA:253,1
DA:254,6
DA:255,6
DA:256,6
DA:258,6
DA:259,5
DA:260,5
DA:261,5
DA:262,5
DA:265,5
DA:266,5
DA:267,0
DA:268,5
DA:269,5
DA:275,1
DA:276,2
DA:277,2
DA:278,1
DA:282,1
DA:286,5
DA:287,5
DA:288,4
DA:289,3
DA:290,1
DA:291,1
DA:292,1
DA:293,1
DA:296,1
DA:297,1
DA:298,0
DA:299,1
DA:300,1
DA:301,1
DA:309,1
DA:313,11
DA:314,11
DA:315,9
DA:316,9
DA:317,9
DA:319,9
DA:320,8
DA:321,7
DA:322,7
DA:323,6
DA:324,6
DA:325,6
DA:326,6
DA:329,6
DA:330,6
DA:331,0
DA:332,6
DA:333,6
DA:334,6
DA:335,6
DA:336,6
DA:343,1
DA:351,5
DA:352,5
DA:353,5
DA:354,5
DA:355,0
DA:356,5
DA:357,5
DA:358,5
DA:360,5
DA:362,5
DA:363,4
DA:364,3
DA:365,2
DA:366,1
DA:367,1
DA:368,1
DA:369,1
DA:370,1
DA:371,1
DA:372,1
DA:373,1
DA:374,1
DA:376,1
DA:377,1
DA:380,1
DA:381,1
DA:382,0
DA:383,1
DA:384,1
DA:385,1
DA:386,1
DA:387,1
DA:388,1
DA:389,1
DA:390,1
DA:391,1
DA:392,1
DA:399,1
DA:405,12
DA:406,12
DA:407,11
DA:408,10
DA:409,9
DA:410,8
DA:411,6
DA:412,5
DA:413,4
DA:414,4
DA:415,0
DA:416,4
DA:417,4
DA:418,4
DA:421,4
DA:422,4
DA:423,4
DA:424,4
DA:425,4
DA:426,4
DA:428,4
DA:431,2
DA:432,2
DA:433,0
DA:434,2
DA:435,2
DA:436,2
DA:437,2
DA:438,2
DA:439,2
DA:440,2
DA:441,2
DA:442,2
DA:443,2
DA:452,1
DA:453,14
DA:454,6
DA:455,6
DA:456,5
DA:457,5
DA:458,5
DA:459,5
DA:460,5
DA:463,8
DA:464,8
DA:465,0
DA:466,0
DA:468,6
DA:470,6
DA:471,5
DA:472,5
DA:473,5
DA:474,5
DA:475,5
DA:481,1
DA:482,76
DA:483,76
DA:484,76
DA:485,76
DA:487,76
DA:489,75
DA:490,75
DA:492,75
DA:493,75
DA:495,75
DA:496,71
DA:497,66
DA:501,1
DA:502,43
DA:503,43
DA:504,33
DA:505,33
DA:507,33
DA:508,32
DA:512,1
DA:513,27
DA:514,21
DA:515,6
DA:519,1
DA:520,46
DA:521,39
DA:522,7
DA:526,1
DA:527,60
DA:528,60
DA:532,1
DA:533,28
DA:534,28
DA:535,28
DA:537,28
DA:538,27
DA:539,26
DA:540,25
DA:541,1
DA:543,24
DA:544,1
DA:546,23
DA:548,1
DA:553,1
DA:554,8
DA:557,1
DA:558,16
DA:561,1
DA:565,42
DA:568,1
DA:569,14
DA:570,14
DA:571,14
DA:572,14
DA:574,2
DA:576,12
DA:580,1
DA:581,24
DA:582,24
DA:583,22
DA:584,20
DA:588,1
DA:589,8
DA:590,8
DA:592,8
DA:593,8
DA:594,8
DA:599,1
DA:600,17
DA:602,17
DA:603,17
DA:604,11
DA:605,6
DA:607,17
DA:608,17
DA:609,17
DA:614,1
DA:615,23
DA:616,0
DA:617,0
DA:619,23
DA:620,23
DA:621,21
DA:622,21
DA:623,0
DA:624,21
DA:626,21
DA:628,20
DA:629,20
DA:630,0
DA:631,20
DA:633,20
DA:639,1
DA:640,5
DA:641,5
DA:642,3
DA:643,2
DA:644,1
DA:647,3
DA:648,1
DA:649,1
DA:651,1
DA:652,1
DA:653,1
DA:655,1
DA:659,1
DA:661,4
DA:662,4
DA:663,4
DA:664,4
DA:665,4
DA:666,4
DA:667,4
DA:668,4
DA:669,4
DA:670,4
DA:671,4
DA:672,4
DA:676,1
DA:677,1
DA:678,0
DA:679,0
DA:681,1
DA:682,1
DA:683,1
DA:684,1
DA:685,1
DA:686,1
DA:687,1
DA:688,0
DA:689,1
DA:691,1
DA:692,0
DA:693,1
BRF:129
BRH:129
BRDA:60,0,0,6
BRDA:60,0,1,1
BRDA:61,0,0,5
BRDA:61,0,1,1
BRDA:73,0,0,8
BRDA:73,0,1,1
BRDA:75,0,0,7
BRDA:75,0,1,1
BRDA:76,0,0,6
BRDA:76,0,1,1
BRDA:88,0,0,4
BRDA:88,0,1,1
BRDA:89,0,0,3
BRDA:89,0,1,1
BRDA:101,0,0,4
BRDA:101,0,1,1
BRDA:102,0,0,3
BRDA:102,0,1,1
BRDA:114,0,0,7
BRDA:114,0,1,1
BRDA:115,0,0,6
BRDA:115,0,1,2
BRDA:115,1,0,6
BRDA:115,1,1,5
BRDA:127,0,0,6
BRDA:127,0,1,1
BRDA:128,0,0,5
BRDA:128,0,1,1
BRDA:140,0,0,7
BRDA:140,0,1,1
BRDA:141,0,0,6
BRDA:141,0,1,1
BRDA:153,0,0,15
BRDA:153,0,1,1
BRDA:154,0,0,14
BRDA:154,0,1,1
BRDA:155,0,0,13
BRDA:155,0,1,1
BRDA:171,0,0,10
BRDA:171,0,1,1
BRDA:172,0,0,9
BRDA:172,0,1,1
BRDA:173,0,0,8
BRDA:173,0,1,2
BRDA:188,0,0,17
BRDA:188,0,1,1
BRDA:195,0,0,16
BRDA:196,0,1,8
BRDA:198,0,0,8
BRDA:198,0,1,4
BRDA:199,0,0,5
BRDA:203,0,1,3
BRDA:206,0,0,8
BRDA:206,0,1,4
BRDA:207,0,0,2
BRDA:211,0,1,6
BRDA:218,0,0,7
BRDA:224,0,1,1
BRDA:227,0,0,2
BRDA:233,0,1,5
BRDA:235,0,0,7
BRDA:235,0,1,1
BRDA:258,0,0,6
BRDA:258,0,1,1
BRDA:277,0,0,2
BRDA:277,0,1,1
BRDA:287,0,0,5
BRDA:287,0,1,1
BRDA:288,0,0,4
BRDA:288,0,1,1
BRDA:319,0,0,9
BRDA:319,0,1,1
BRDA:320,0,0,8
BRDA:320,0,1,1
BRDA:362,0,0,5
BRDA:362,0,1,1
BRDA:363,0,0,4
BRDA:363,0,1,1
BRDA:364,0,0,3
BRDA:364,0,1,1
BRDA:365,0,0,2
BRDA:365,0,1,1
BRDA:406,0,0,12
BRDA:406,0,1,1
BRDA:407,0,0,11
BRDA:407,0,1,1
BRDA:408,0,0,10
BRDA:408,0,1,1
BRDA:409,0,0,9
BRDA:409,0,1,1
BRDA:454,0,0,6
BRDA:455,0,0,6
BRDA:455,0,1,1
BRDA:463,0,1,8
BRDA:470,0,0,6
BRDA:470,0,1,1
BRDA:495,0,0,75
BRDA:495,0,1,4
BRDA:496,0,0,71
BRDA:496,0,1,5
BRDA:507,0,0,33
BRDA:507,0,1,1
BRDA:514,0,0,21
BRDA:515,0,1,6
BRDA:521,0,0,39
BRDA:522,0,1,7
BRDA:537,0,0,28
BRDA:537,0,1,1
BRDA:539,0,0,26
BRDA:540,0,0,25
BRDA:541,0,1,1
BRDA:543,0,0,24
BRDA:544,0,1,1
BRDA:548,0,1,1
BRDA:571,0,0,14
BRDA:574,0,1,2
BRDA:582,0,0,24
BRDA:582,0,1,2
BRDA:583,0,0,22
BRDA:583,0,1,2
BRDA:604,0,0,11
BRDA:605,0,1,6
BRDA:620,0,0,23
BRDA:621,0,1,21
BRDA:628,0,2,20
BRDA:643,0,0,2
BRDA:644,0,1,1
BRDA:647,0,0,3
BRDA:647,0,1,2
end_of_record
